<?xml version="1.0" encoding="UTF-8"?>
<!-- Generated by org.testng.reporters.JUnitReportReporter -->
<testsuite hostname="VIJAY" failures="0" tests="1" name="practice.Create_Nested_JSON_Using_JacksonAPI" time="0.187" errors="0" timestamp="2024-05-16T16:52:34 IST" skipped="0">
  <testcase classname="practice.Create_Nested_JSON_Using_JacksonAPI" name="myMethod" time="0.187"/>
  <system-out/>
</testsuite> <!-- practice.Create_Nested_JSON_Using_JacksonAPI -->
