<?xml version="1.0" encoding="UTF-8"?>
<!-- Generated by org.testng.reporters.JUnitReportReporter -->
<testsuite hostname="VIJAY" failures="0" tests="1" name="restful_Booker.CreateBooking" time="1.516" errors="0" timestamp="2024-05-18T18:41:14 IST" skipped="0">
  <testcase classname="restful_Booker.CreateBooking" name="myBooking" time="1.516"/>
</testsuite> <!-- restful_Booker.CreateBooking -->
