<?xml version="1.0" encoding="UTF-8"?>
<!-- Generated by org.testng.reporters.JUnitReportReporter -->
<testsuite hostname="VIJAY" failures="0" tests="1" name="practice.LoginPractice" time="6.828" errors="0" timestamp="2024-04-23T12:41:52 IST" skipped="0">
  <testcase classname="practice.LoginPractice" name="login_Practice" time="6.828"/>
  <system-out/>
</testsuite> <!-- practice.LoginPractice -->
