<?xml version="1.0" encoding="UTF-8"?>
<!-- Generated by org.testng.reporters.JUnitReportReporter -->
<testsuite hostname="VIJAY" failures="0" tests="1" name="restful_Booker.GetBooking" time="4.045" errors="0" timestamp="2024-05-18T18:41:14 IST" skipped="0">
  <testcase classname="restful_Booker.GetBooking" name="booking_Details" time="4.045"/>
</testsuite> <!-- restful_Booker.GetBooking -->
