<?xml version="1.0" encoding="UTF-8"?>
<!-- Generated by org.testng.reporters.JUnitReportReporter -->
<testsuite hostname="VIJAY" failures="0" tests="1" name="basic_Calls.SerializationAndDeserialization" time="3.449" errors="0" timestamp="2024-04-18T14:14:31 IST" skipped="0">
  <testcase classname="basic_Calls.SerializationAndDeserialization" name="myMethod" time="3.449"/>
  <system-out/>
</testsuite> <!-- basic_Calls.SerializationAndDeserialization -->
