<?xml version="1.0" encoding="UTF-8"?>
<!-- Generated by org.testng.reporters.JUnitReportReporter -->
<testsuite hostname="VIJAY" failures="0" tests="1" name="practice_Serialization_Deserialization.CreateBooking" time="3.312" errors="0" timestamp="2024-05-16T21:34:39 IST" skipped="0">
  <testcase classname="practice_Serialization_Deserialization.CreateBooking" name="myBooking" time="3.312"/>
  <system-out/>
</testsuite> <!-- practice_Serialization_Deserialization.CreateBooking -->
