<?xml version="1.0" encoding="UTF-8"?>
<!-- Generated by org.testng.reporters.JUnitReportReporter -->
<testsuite hostname="VIJAY" failures="0" tests="1" name="pojo_FakeData_Practice.Create_user" time="2.885" errors="0" timestamp="2024-05-12T15:24:02 IST" skipped="0">
  <testcase classname="pojo_FakeData_Practice.Create_user" name="new_user_create" time="2.885"/>
  <system-out/>
</testsuite> <!-- pojo_FakeData_Practice.Create_user -->
