<?xml version="1.0" encoding="UTF-8"?>
<!-- Generated by org.testng.reporters.JUnitReportReporter -->
<testsuite hostname="VIJAY" failures="0" tests="2" name="basic_Calls.FetchDatafromResponse_Using_JSONClass" time="4.476" errors="0" timestamp="2024-04-17T11:04:16 IST" skipped="0">
  <testcase classname="basic_Calls.FetchDatafromResponse_Using_JSONClass" name="mynewMethod" time="4.023"/>
  <system-out/>
  <testcase classname="basic_Calls.FetchDatafromResponse_Using_JSONClass" name="anotherExample" time="0.453"/>
  <system-out/>
</testsuite> <!-- basic_Calls.FetchDatafromResponse_Using_JSONClass -->
