<?xml version="1.0" encoding="UTF-8"?>
<!-- Generated by org.testng.reporters.JUnitReportReporter -->
<testsuite hostname="VIJAY" failures="0" tests="1" name="practice2.Deserialization" time="4.299" errors="0" timestamp="2024-05-04T20:23:35 IST" skipped="0">
  <testcase classname="practice2.Deserialization" name="createUser" time="4.299"/>
  <system-out/>
</testsuite> <!-- practice2.Deserialization -->
