<?xml version="1.0" encoding="UTF-8"?>
<!-- Generated by org.testng.reporters.JUnitReportReporter -->
<testsuite hostname="VIJAY" failures="0" tests="1" name="practice.Practice_Spec_Builder" time="2.837" errors="0" timestamp="2024-04-24T00:42:53 IST" skipped="0">
  <testcase classname="practice.Practice_Spec_Builder" name="create_User" time="2.837"/>
  <system-out/>
</testsuite> <!-- practice.Practice_Spec_Builder -->
