<?xml version="1.0" encoding="UTF-8"?>
<!-- Generated by org.testng.reporters.JUnitReportReporter -->
<testsuite hostname="VIJAY" failures="0" tests="1" name="restful_Booker.Update_Booking" time="1.326" errors="0" timestamp="2024-05-18T18:41:14 IST" skipped="0">
  <testcase classname="restful_Booker.Update_Booking" name="Booking_Update" time="1.326"/>
</testsuite> <!-- restful_Booker.Update_Booking -->
