<?xml version="1.0" encoding="UTF-8"?>
<!-- Generated by org.testng.reporters.JUnitReportReporter -->
<testsuite hostname="VIJAY" failures="0" tests="2" name="basic_Calls.Query_Param" time="3.001" errors="0" timestamp="2024-04-13T00:18:25 IST" skipped="0">
  <testcase classname="basic_Calls.Query_Param" name="QueryParam" time="0.209"/>
  <system-out/>
  <testcase classname="basic_Calls.Query_Param" name="Pathparam" time="2.792"/>
  <system-out/>
</testsuite> <!-- basic_Calls.Query_Param -->
