<?xml version="1.0" encoding="UTF-8"?>
<!-- Generated by org.testng.reporters.JUnitReportReporter -->
<testsuite hostname="VIJAY" failures="0" tests="1" name="basic_Calls.FetchDataFromResponseusing_JSON" time="3.573" errors="0" timestamp="2024-04-13T00:45:24 IST" skipped="0">
  <testcase classname="basic_Calls.FetchDataFromResponseusing_JSON" name="myResult" time="3.573"/>
  <system-out/>
</testsuite> <!-- basic_Calls.FetchDataFromResponseusing_JSON -->
