<?xml version="1.0" encoding="UTF-8"?>
<!-- Generated by org.testng.reporters.JUnitReportReporter -->
<testsuite hostname="VIJAY" failures="0" tests="1" name="ecom.DeleteProduct" time="0.191" errors="0" timestamp="2024-05-18T19:09:58 IST" skipped="0">
  <testcase classname="ecom.DeleteProduct" name="deleteProduct" time="0.191"/>
</testsuite> <!-- ecom.DeleteProduct -->
