<?xml version="1.0" encoding="UTF-8"?>
<!-- Generated by org.testng.reporters.JUnitReportReporter -->
<testsuite hostname="VIJAY" failures="0" tests="1" name="codeStudio_Practice.JSON_Array_Demo" time="3.454" errors="0" timestamp="2024-05-20T11:36:01 IST" skipped="0">
  <testcase classname="codeStudio_Practice.JSON_Array_Demo" name="createUser_usingJSON_Array" time="3.454"/>
</testsuite> <!-- codeStudio_Practice.JSON_Array_Demo -->
