<?xml version="1.0" encoding="UTF-8"?>
<!-- Generated by org.testng.reporters.JUnitReportReporter -->
<testsuite hostname="VIJAY" failures="0" tests="1" name="codeStudio_Practice.JSON_Object_Using_JacksonAPI" time="0.243" errors="0" timestamp="2024-05-06T18:43:59 IST" skipped="0">
  <testcase classname="codeStudio_Practice.JSON_Object_Using_JacksonAPI" name="createUser" time="0.243"/>
  <system-out/>
</testsuite> <!-- codeStudio_Practice.JSON_Object_Using_JacksonAPI -->
