<?xml version="1.0" encoding="UTF-8"?>
<!-- Generated by org.testng.reporters.JUnitReportReporter -->
<testsuite hostname="VIJAY" failures="0" tests="1" name="basic_Calls.Get_Multiple_users" time="5.665" errors="0" timestamp="2024-05-03T15:08:24 IST" skipped="0">
  <testcase classname="basic_Calls.Get_Multiple_users" name="getAllUsers" time="5.665"/>
  <system-out/>
</testsuite> <!-- basic_Calls.Get_Multiple_users -->
