<?xml version="1.0" encoding="UTF-8"?>
<!-- Generated by org.testng.reporters.JUnitReportReporter -->
<testsuite hostname="VIJAY" failures="0" tests="1" name="practice.CreateBooking" time="1.460" errors="0" timestamp="2024-05-16T22:03:56 IST" skipped="0">
  <testcase classname="practice.CreateBooking" name="myBooking" time="1.460"/>
  <system-out/>
</testsuite> <!-- practice.CreateBooking -->
