<?xml version="1.0" encoding="UTF-8"?>
<!-- Generated by org.testng.reporters.JUnitReportReporter -->
<testsuite hostname="VIJAY" failures="0" tests="1" name="session.Get_List_Users" time="6.177" errors="0" timestamp="2024-05-03T18:20:34 IST" skipped="0">
  <testcase classname="session.Get_List_Users" name="totalUsers" time="6.177"/>
  <system-out/>
</testsuite> <!-- session.Get_List_Users -->
