<?xml version="1.0" encoding="UTF-8"?>
<!-- Generated by org.testng.reporters.JUnitReportReporter -->
<testsuite hostname="VIJAY" failures="0" tests="2" name="practice2.JSON_Object_Using_JavaMap" time="5.505" errors="0" timestamp="2024-05-05T15:16:50 IST" skipped="0">
  <testcase classname="practice2.JSON_Object_Using_JavaMap" name="createUser" time="0.750"/>
  <system-out/>
  <testcase classname="practice2.JSON_Object_Using_JavaMap" name="createAuthToken" time="4.755"/>
  <system-out/>
</testsuite> <!-- practice2.JSON_Object_Using_JavaMap -->
