<?xml version="1.0" encoding="UTF-8"?>
<!-- Generated by org.testng.reporters.JUnitReportReporter -->
<testsuite hostname="VIJAY" failures="0" tests="1" name="specBuilder.Create_User" time="2.309" errors="0" timestamp="2024-05-23T20:28:11 IST" skipped="0">
  <testcase classname="specBuilder.Create_User" name="createUser" time="2.309"/>
</testsuite> <!-- specBuilder.Create_User -->
