<?xml version="1.0" encoding="UTF-8"?>
<!-- Generated by org.testng.reporters.JUnitReportReporter -->
<testsuite hostname="VIJAY" failures="0" tests="1" name="practice.Generate_Token" time="1.776" errors="0" timestamp="2024-05-16T22:03:56 IST" skipped="0">
  <testcase classname="practice.Generate_Token" name="myTest" time="1.776"/>
  <system-out/>
</testsuite> <!-- practice.Generate_Token -->
