<?xml version="1.0" encoding="UTF-8"?>
<!-- Generated by org.testng.reporters.JUnitReportReporter -->
<testsuite hostname="VIJAY" failures="0" tests="1" name="codeStudio_Practice.Deserialization" time="3.851" errors="0" timestamp="2024-05-20T11:30:16 IST" skipped="0">
  <testcase classname="codeStudio_Practice.Deserialization" name="createUser" time="3.851"/>
</testsuite> <!-- codeStudio_Practice.Deserialization -->
