<?xml version="1.0" encoding="UTF-8"?>
<!-- Generated by org.testng.reporters.JUnitReportReporter -->
<testsuite hostname="VIJAY" failures="0" tests="1" name="ecom.LoginToApp" time="4.200" errors="0" timestamp="2024-04-18T15:20:29 IST" skipped="0">
  <testcase classname="ecom.LoginToApp" name="login" time="4.200"/>
  <system-out/>
</testsuite> <!-- ecom.LoginToApp -->
