<?xml version="1.0" encoding="UTF-8"?>
<!-- Generated by org.testng.reporters.JUnitReportReporter -->
<testsuite hostname="VIJAY" failures="0" tests="1" name="codeStudio_Practice.JSON_Object_Using_JacksonAPI" time="0.257" errors="0" timestamp="2024-05-16T14:30:18 IST" skipped="0">
  <testcase classname="codeStudio_Practice.JSON_Object_Using_JacksonAPI" name="createUser" time="0.257"/>
  <system-out/>
</testsuite> <!-- codeStudio_Practice.JSON_Object_Using_JacksonAPI -->
