<?xml version="1.0" encoding="UTF-8"?>
<!-- Generated by org.testng.reporters.JUnitReportReporter -->
<testsuite hostname="VIJAY" failures="0" tests="1" name="practice.GetBooking" time="3.953" errors="0" timestamp="2024-05-16T22:03:56 IST" skipped="0">
  <testcase classname="practice.GetBooking" name="booking_Details" time="3.953"/>
  <system-out/>
</testsuite> <!-- practice.GetBooking -->
