<?xml version="1.0" encoding="UTF-8"?>
<!-- Generated by org.testng.reporters.JUnitReportReporter -->
<testsuite hostname="VIJAY" failures="0" tests="2" name="practice_Serialization_Deserialization.PracticeSpecBuilder" time="3.620" errors="0" timestamp="2024-04-24T13:28:16 IST" skipped="0">
  <testcase classname="practice_Serialization_Deserialization.PracticeSpecBuilder" name="getFirstUserDetails" time="2.586"/>
  <system-out/>
  <testcase classname="practice_Serialization_Deserialization.PracticeSpecBuilder" name="secondUser" time="1.034"/>
  <system-out/>
</testsuite> <!-- practice_Serialization_Deserialization.PracticeSpecBuilder -->
