<?xml version="1.0" encoding="UTF-8"?>
<!-- Generated by org.testng.reporters.JUnitReportReporter -->
<testsuite hostname="VIJAY" failures="0" tests="1" name="authPractice.BasicAuth" time="5.271" errors="0" timestamp="2024-05-12T23:40:23 IST" skipped="0">
  <testcase classname="authPractice.BasicAuth" name="basic_Auth" time="5.271"/>
  <system-out/>
</testsuite> <!-- authPractice.BasicAuth -->
