<?xml version="1.0" encoding="UTF-8"?>
<!-- Generated by org.testng.reporters.JUnitReportReporter -->
<testsuite hostname="VIJAY" failures="0" tests="1" name="practice.GetBooking" time="4.473" errors="0" timestamp="2024-04-17T16:32:23 IST" skipped="0">
  <testcase classname="practice.GetBooking" name="booking_Details" time="4.473"/>
  <system-out/>
</testsuite> <!-- practice.GetBooking -->
