<?xml version="1.0" encoding="UTF-8"?>
<!-- Generated by org.testng.reporters.JUnitReportReporter -->
<testsuite hostname="VIJAY" failures="0" tests="1" name="ecom.DeleteProduct" time="0.224" errors="0" timestamp="2024-04-18T15:20:29 IST" skipped="0">
  <testcase classname="ecom.DeleteProduct" name="deleteProduct" time="0.224"/>
  <system-out/>
</testsuite> <!-- ecom.DeleteProduct -->
