<?xml version="1.0" encoding="UTF-8"?>
<!-- Generated by org.testng.reporters.JUnitReportReporter -->
<testsuite hostname="VIJAY" failures="0" tests="2" name="codeStudio_Practice.FileUpload" time="6.114" errors="0" timestamp="2024-05-07T00:29:17 IST" skipped="0">
  <testcase classname="codeStudio_Practice.FileUpload" name="file_upload" time="4.320"/>
  <system-out/>
  <testcase classname="codeStudio_Practice.FileUpload" name="uploadImage" time="1.794"/>
  <system-out/>
</testsuite> <!-- codeStudio_Practice.FileUpload -->
