<?xml version="1.0" encoding="UTF-8"?>
<!-- Generated by org.testng.reporters.JUnitReportReporter -->
<testsuite hostname="VIJAY" failures="0" tests="1" name="restful_Booker.DeleteBooking" time="1.350" errors="0" timestamp="2024-05-18T18:41:14 IST" skipped="0">
  <testcase classname="restful_Booker.DeleteBooking" name="bookingDelete" time="1.350"/>
</testsuite> <!-- restful_Booker.DeleteBooking -->
