<?xml version="1.0" encoding="UTF-8"?>
<!-- Generated by org.testng.reporters.JUnitReportReporter -->
<testsuite hostname="VIJAY" failures="0" tests="1" name="ecom.LoginToApp" time="4.072" errors="0" timestamp="2024-05-18T19:09:58 IST" skipped="0">
  <testcase classname="ecom.LoginToApp" name="login" time="4.072"/>
</testsuite> <!-- ecom.LoginToApp -->
