<?xml version="1.0" encoding="UTF-8"?>
<!-- Generated by org.testng.reporters.JUnitReportReporter -->
<testsuite hostname="VIJAY" failures="0" tests="1" name="practice.CreateBooking" time="5.140" errors="0" timestamp="2024-05-01T00:06:22 IST" skipped="0">
  <testcase classname="practice.CreateBooking" name="create_Booking" time="5.140"/>
  <system-out/>
</testsuite> <!-- practice.CreateBooking -->
