<?xml version="1.0" encoding="UTF-8"?>
<!-- Generated by org.testng.reporters.JUnitReportReporter -->
<testsuite hostname="VIJAY" failures="0" tests="1" name="codeStudio_Practice.Get_List_Users" time="4.165" errors="0" timestamp="2024-05-09T01:26:54 IST" skipped="0">
  <testcase classname="codeStudio_Practice.Get_List_Users" name="totalUsers" time="4.165"/>
  <system-out/>
</testsuite> <!-- codeStudio_Practice.Get_List_Users -->
