<?xml version="1.0" encoding="UTF-8"?>
<!-- Generated by org.testng.reporters.JUnitReportReporter -->
<testsuite hostname="VIJAY" failures="0" tests="1" name="specBuilder.Create_User" time="3.302" errors="0" timestamp="2024-04-18T16:57:07 IST" skipped="0">
  <testcase classname="specBuilder.Create_User" name="createUser" time="3.302"/>
  <system-out/>
</testsuite> <!-- specBuilder.Create_User -->
