<?xml version="1.0" encoding="UTF-8"?>
<!-- Generated by org.testng.reporters.JUnitReportReporter -->
<testsuite hostname="VIJAY" failures="0" tests="1" name="practice.Generate_Token" time="4.813" errors="0" timestamp="2024-04-18T16:45:19 IST" skipped="0">
  <testcase classname="practice.Generate_Token" name="myTest" time="4.813"/>
  <system-out/>
</testsuite> <!-- practice.Generate_Token -->
