<?xml version="1.0" encoding="UTF-8"?>
<!-- Generated by org.testng.reporters.JUnitReportReporter -->
<testsuite hostname="VIJAY" failures="0" tests="1" name="practice2.ValidateXMLResponse" time="6.817" errors="0" timestamp="2024-05-05T10:48:48 IST" skipped="0">
  <testcase classname="practice2.ValidateXMLResponse" name="addPet" time="6.817"/>
  <system-out/>
</testsuite> <!-- practice2.ValidateXMLResponse -->
