<?xml version="1.0" encoding="UTF-8"?>
<!-- Generated by org.testng.reporters.JUnitReportReporter -->
<testsuite hostname="VIJAY" failures="0" tests="1" name="ecom.PlaceOrder" time="0.160" errors="0" timestamp="2024-05-18T19:09:58 IST" skipped="0">
  <testcase classname="ecom.PlaceOrder" name="placingOrder" time="0.160"/>
</testsuite> <!-- ecom.PlaceOrder -->
