<?xml version="1.0" encoding="UTF-8"?>
<!-- Generated by org.testng.reporters.JUnitReportReporter -->
<testsuite hostname="VIJAY" failures="0" tests="1" name="practice.PostPractice" time="3.084" errors="0" timestamp="2024-05-23T20:30:45 IST" skipped="0">
  <testcase classname="practice.PostPractice" name="postMethod" time="3.084"/>
</testsuite> <!-- practice.PostPractice -->
