<?xml version="1.0" encoding="UTF-8"?>
<!-- Generated by org.testng.reporters.JUnitReportReporter -->
<testsuite hostname="VIJAY" failures="0" tests="1" name="practice2.JSON_Array_Demo" time="3.616" errors="0" timestamp="2024-05-05T16:21:36 IST" skipped="0">
  <testcase classname="practice2.JSON_Array_Demo" name="createUser_usingJSON_Array" time="3.616"/>
  <system-out/>
</testsuite> <!-- practice2.JSON_Array_Demo -->
